\BOOKMARK [1][-]{section*.1}{\376\377\000T\000a\000b\000l\000e\000\040\000o\000f\000\040\000C\000o\000n\000t\000e\000n\000t\000s}{}% 1
\BOOKMARK [1][-]{section.1}{\376\377\000M\000o\000t\000i\000v\000a\000t\000i\000o\000n\000\040\000\046\000\040\000A\000i\000m\000s}{}% 2
\BOOKMARK [2][-]{subsection.1.1}{\376\377\000G\000e\000n\000e\000r\000a\000l\000\040\000p\000r\000o\000b\000l\000e\000m}{section.1}% 3
\BOOKMARK [2][-]{subsection.1.2}{\376\377\000S\000i\000g\000n\000i\000f\000i\000c\000a\000n\000c\000e\000\040\000o\000f\000\040\000t\000h\000e\000\040\000P\000r\000o\000b\000l\000e\000m}{section.1}% 4
\BOOKMARK [2][-]{subsection.1.3}{\376\377\000P\000r\000i\000o\000r\000\040\000W\000o\000r\000k\000\040\000o\000n\000\040\000t\000h\000e\000\040\000P\000r\000o\000b\000l\000e\000m}{section.1}% 5
\BOOKMARK [2][-]{subsection.1.4}{\376\377\000S\000p\000e\000c\000i\000f\000i\000c\000\040\000P\000r\000o\000b\000l\000e\000m}{section.1}% 6
\BOOKMARK [1][-]{section.2}{\376\377\000M\000e\000t\000h\000o\000d\000o\000l\000o\000g\000y}{}% 7
\BOOKMARK [2][-]{subsection.2.1}{\376\377\000I\000n\000t\000e\000n\000t\000i\000o\000n}{section.2}% 8
\BOOKMARK [2][-]{subsection.2.2}{\376\377\000A\000p\000p\000r\000o\000a\000c\000h}{section.2}% 9
\BOOKMARK [3][-]{subsubsection.2.2.1}{\376\377\000D\000a\000t\000a\000\040\000A\000c\000q\000u\000i\000s\000i\000t\000i\000o\000n\000\040\000a\000n\000d\000\040\000P\000r\000o\000c\000e\000s\000s\000i\000n\000g}{subsection.2.2}% 10
\BOOKMARK [3][-]{subsubsection.2.2.2}{\376\377\000A\000I\000-\000d\000r\000i\000v\000e\000n\000\040\000S\000u\000m\000m\000a\000r\000i\000z\000a\000t\000i\000o\000n}{subsection.2.2}% 11
\BOOKMARK [3][-]{subsubsection.2.2.3}{\376\377\000D\000a\000t\000a\000b\000a\000s\000e\000\040\000S\000t\000o\000r\000a\000g\000e\000\040\000a\000n\000d\000\040\000R\000e\000t\000r\000i\000e\000v\000a\000l}{subsection.2.2}% 12
\BOOKMARK [3][-]{subsubsection.2.2.4}{\376\377\000U\000s\000e\000r\000\040\000R\000e\000c\000o\000m\000m\000e\000n\000d\000a\000t\000i\000o\000n\000\040\000S\000y\000s\000t\000e\000m}{subsection.2.2}% 13
\BOOKMARK [3][-]{subsubsection.2.2.5}{\376\377\000U\000s\000e\000r\000\040\000I\000n\000t\000e\000r\000f\000a\000c\000e\000\040\000D\000e\000s\000i\000g\000n}{subsection.2.2}% 14
\BOOKMARK [2][-]{subsection.2.3}{\376\377\000D\000e\000s\000i\000g\000n\000\040\000I\000n\000t\000e\000g\000r\000a\000t\000i\000o\000n\000\040\000a\000n\000d\000\040\000F\000r\000a\000m\000e\000w\000o\000r\000k\000\040\000S\000e\000l\000e\000c\000t\000i\000o\000n}{section.2}% 15
\BOOKMARK [1][-]{section.3}{\376\377\000P\000r\000o\000j\000e\000c\000t\000\040\000M\000a\000n\000a\000g\000e\000m\000e\000n\000t}{}% 16
\BOOKMARK [2][-]{subsection.3.1}{\376\377\000A\000g\000i\000l\000e\000\040\000M\000e\000t\000h\000o\000d\000o\000l\000o\000g\000y}{section.3}% 17
\BOOKMARK [2][-]{subsection.3.2}{\376\377\000V\000e\000r\000s\000i\000o\000n\000\040\000C\000o\000n\000t\000r\000o\000l}{section.3}% 18
\BOOKMARK [2][-]{subsection.3.3}{\376\377\000M\000o\000d\000u\000l\000a\000r\000\040\000S\000o\000f\000t\000w\000a\000r\000e\000\040\000D\000e\000s\000i\000g\000n}{section.3}% 19
\BOOKMARK [1][-]{section.4}{\376\377\000R\000e\000s\000u\000l\000t\000s}{}% 20
\BOOKMARK [2][-]{subsection.4.1}{\376\377\000O\000u\000t\000c\000o\000m\000e}{section.4}% 21
\BOOKMARK [2][-]{subsection.4.2}{\376\377\000F\000u\000n\000c\000t\000i\000o\000n\000a\000l\000\040\000R\000e\000q\000u\000i\000r\000e\000m\000e\000n\000t\000\040\000F\000u\000l\000f\000i\000l\000l\000m\000e\000n\000t}{section.4}% 22
\BOOKMARK [2][-]{subsection.4.3}{\376\377\000H\000i\000g\000h\000l\000i\000g\000h\000t\000s\000\040\000o\000f\000\040\000U\000s\000e\000r\000\040\000E\000x\000p\000e\000r\000i\000e\000n\000c\000e}{section.4}% 23
\BOOKMARK [2][-]{subsection.4.4}{\376\377\000C\000o\000n\000t\000r\000i\000b\000u\000t\000i\000o\000n\000s}{section.4}% 24
\BOOKMARK [1][-]{section.5}{\376\377\000E\000v\000a\000l\000u\000a\000t\000i\000o\000n}{}% 25
\BOOKMARK [2][-]{subsection.5.1}{\376\377\000T\000e\000s\000t\000i\000n\000g\000\040\000P\000r\000o\000c\000e\000d\000u\000r\000e\000s}{section.5}% 26
\BOOKMARK [2][-]{subsection.5.2}{\376\377\000U\000s\000e\000r\000\040\000A\000c\000c\000e\000p\000t\000a\000n\000c\000e\000\040\000T\000e\000s\000t\000i\000n\000g\000\040\000\050\000U\000A\000T\000\051\000\040\000E\000x\000e\000c\000u\000t\000i\000o\000n}{section.5}% 27
\BOOKMARK [2][-]{subsection.5.3}{\376\377\000E\000v\000a\000l\000u\000a\000t\000i\000o\000n\000\040\000S\000u\000m\000m\000a\000r\000y}{section.5}% 28
\BOOKMARK [1][-]{section.6}{\376\377\000C\000o\000n\000c\000l\000u\000s\000i\000o\000n}{}% 29
\BOOKMARK [2][-]{subsection.6.1}{\376\377\000A\000c\000h\000i\000e\000v\000e\000m\000e\000n\000t\000s}{section.6}% 30
\BOOKMARK [2][-]{subsection.6.2}{\376\377\000F\000u\000t\000u\000r\000e\000\040\000P\000r\000o\000s\000p\000e\000c\000t\000s}{section.6}% 31
\BOOKMARK [2][-]{subsection.6.3}{\376\377\000F\000i\000n\000a\000l\000\040\000R\000e\000f\000l\000e\000c\000t\000i\000o\000n\000s}{section.6}% 32
\BOOKMARK [1][-]{appendix.1.A}{\376\377\000A\000p\000p\000e\000n\000d\000i\000x\000\040\000I\000n\000s\000t\000a\000l\000l\000a\000t\000i\000o\000n\000\040\000G\000u\000i\000d\000e}{}% 33
\BOOKMARK [2][-]{subsection.1.A.1}{\376\377\000S\000o\000f\000t\000w\000a\000r\000e\000\040\000R\000e\000q\000u\000i\000r\000e\000m\000e\000n\000t\000s}{appendix.1.A}% 34
\BOOKMARK [2][-]{subsection.1.A.2}{\376\377\000I\000n\000s\000t\000a\000l\000l\000a\000t\000i\000o\000n\000\040\000S\000t\000e\000p\000s}{appendix.1.A}% 35
\BOOKMARK [2][-]{subsection.1.A.3}{\376\377\000C\000o\000d\000e\000\040\000O\000r\000i\000g\000i\000n\000\040\000a\000n\000d\000\040\000A\000t\000t\000r\000i\000b\000u\000t\000i\000o\000n}{appendix.1.A}% 36
