\BOOKMARK [1][-]{Doc-Start}{\376\377\000T\000a\000b\000l\000e\000\040\000o\000f\000\040\000C\000o\000n\000t\000e\000n\000t\000s}{}% 1
\BOOKMARK [1][-]{section.1}{\376\377\000A\000g\000r\000e\000e\000d\000,\000\040\000c\000o\000h\000e\000r\000e\000n\000t\000\040\000p\000r\000o\000j\000e\000c\000t\000\040\000c\000o\000n\000c\000e\000p\000t\000\040\000\046\000\040\000p\000e\000r\000s\000o\000n\000a\000s\000\040\000\046\000\040\000m\000o\000c\000k\000u\000p\000s}{}% 2
\BOOKMARK [2][-]{subsection.1.1}{\376\377\000P\000r\000o\000j\000e\000c\000t\000\040\000c\000o\000n\000c\000e\000p\000t}{section.1}% 3
\BOOKMARK [2][-]{subsection.1.2}{\376\377\000m\000o\000c\000k\000u\000p\000s}{section.1}% 4
\BOOKMARK [3][-]{subsubsection.1.2.1}{\376\377\000S\000c\000h\000e\000d\000u\000l\000e\000r}{subsection.1.2}% 5
\BOOKMARK [3][-]{subsubsection.1.2.2}{\376\377\000T\000o\000-\000d\000o\000\040\000L\000i\000s\000t}{subsection.1.2}% 6
\BOOKMARK [3][-]{subsubsection.1.2.3}{\376\377\000A\000n\000t\000i\000-\000p\000r\000o\000c\000r\000a\000s\000t\000i\000n\000a\000t\000i\000o\000n}{subsection.1.2}% 7
\BOOKMARK [3][-]{subsubsection.1.2.4}{\376\377\000D\000i\000a\000r\000y}{subsection.1.2}% 8
\BOOKMARK [3][-]{subsubsection.1.2.5}{\376\377\000A\000l\000a\000r\000m\000/\000T\000i\000m\000e\000r}{subsection.1.2}% 9
\BOOKMARK [3][-]{subsubsection.1.2.6}{\376\377\000H\000i\000s\000t\000o\000r\000y}{subsection.1.2}% 10
\BOOKMARK [3][-]{subsubsection.1.2.7}{\376\377\000E\000m\000a\000i\000l\000\040\000n\000o\000t\000i\000f\000i\000c\000a\000t\000i\000o\000n\000s}{subsection.1.2}% 11
\BOOKMARK [2][-]{subsection.1.3}{\376\377\000P\000e\000r\000s\000o\000n\000a}{section.1}% 12
\BOOKMARK [1][-]{section.2}{\376\377\000C\000I\000\040\000p\000i\000p\000e\000l\000i\000n\000e\000\040\000s\000e\000t\000u\000p}{}% 13
\BOOKMARK [1][-]{section.3}{\376\377\000M\000e\000e\000t\000i\000n\000g\000\040\000d\000i\000a\000r\000y}{}% 14
\BOOKMARK [1][-]{section.4}{\376\377\000S\0002\000\040\000t\000a\000s\000k\000\040\000a\000l\000l\000o\000c\000a\000t\000i\000o\000n\000\040\000\046\000\040\000p\000l\000a\000n\000n\000i\000n\000g}{}% 15
\BOOKMARK [2][-]{subsection.4.1}{\376\377\000S\000c\000h\000e\000d\000u\000l\000e\000r}{section.4}% 16
\BOOKMARK [2][-]{subsection.4.2}{\376\377\000T\000o\000-\000d\000o\000\040\000L\000i\000s\000t}{section.4}% 17
\BOOKMARK [2][-]{subsection.4.3}{\376\377\000A\000n\000t\000i\000-\000p\000r\000o\000c\000r\000a\000s\000t\000i\000n\000a\000t\000i\000o\000n}{section.4}% 18
\BOOKMARK [2][-]{subsection.4.4}{\376\377\000D\000i\000a\000r\000y}{section.4}% 19
\BOOKMARK [2][-]{subsection.4.5}{\376\377\000A\000l\000a\000r\000m\000/\000T\000i\000m\000e\000r}{section.4}% 20
\BOOKMARK [2][-]{subsection.4.6}{\376\377\000E\000m\000a\000i\000l\000\040\000n\000o\000t\000i\000f\000i\000c\000a\000t\000i\000o\000n\000s}{section.4}% 21
\BOOKMARK [2][-]{subsection.4.7}{\376\377\000H\000i\000s\000t\000o\000r\000y}{section.4}% 22
