\BOOKMARK [1][-]{Doc-Start}{\376\377\000T\000a\000b\000l\000e\000\040\000o\000f\000\040\000C\000o\000n\000t\000e\000n\000t\000s}{}% 1
\BOOKMARK [1][-]{section.1}{\376\377\000S\0002\000\040\000r\000a\000n\000k\000i\000n\000g}{}% 2
\BOOKMARK [1][-]{section.2}{\376\377\000W\000a\000l\000k\000i\000n\000g\000\040\000s\000k\000e\000l\000e\000t\000o\000n\000/\000M\000V\000P}{}% 3
\BOOKMARK [2][-]{subsection.2.1}{\376\377\000I\000n\000t\000r\000o\000d\000u\000c\000t\000i\000o\000n}{section.2}% 4
\BOOKMARK [2][-]{subsection.2.2}{\376\377\000S\000c\000h\000e\000d\000u\000l\000e\000r}{section.2}% 5
\BOOKMARK [2][-]{subsection.2.3}{\376\377\000T\000o\000-\000d\000o\000\040\000L\000i\000s\000t}{section.2}% 6
\BOOKMARK [2][-]{subsection.2.4}{\376\377\000A\000n\000t\000i\000-\000p\000r\000o\000c\000r\000a\000s\000t\000i\000n\000a\000t\000i\000o\000n}{section.2}% 7
\BOOKMARK [2][-]{subsection.2.5}{\376\377\000D\000i\000a\000r\000y}{section.2}% 8
\BOOKMARK [2][-]{subsection.2.6}{\376\377\000A\000l\000a\000r\000m\000/\000T\000i\000m\000e\000r}{section.2}% 9
\BOOKMARK [2][-]{subsection.2.7}{\376\377\000H\000i\000s\000t\000o\000r\000y}{section.2}% 10
\BOOKMARK [2][-]{subsection.2.8}{\376\377\000E\000m\000a\000i\000l\000\040\000n\000o\000t\000i\000f\000i\000c\000a\000t\000i\000o\000n\000s}{section.2}% 11
\BOOKMARK [1][-]{section.3}{\376\377\000G\000D\000P\000R\000\040\000p\000o\000l\000i\000c\000y\000\040\000\046\000\040\000D\000P\000I\000A\000\040\000f\000o\000r\000m}{}% 12
\BOOKMARK [2][-]{subsection.3.1}{\376\377\000T\000e\000a\000m\0002\0003\000-\0002\0002\000\040\000G\000D\000P\000R\000\040\000P\000o\000l\000i\000c\000y}{section.3}% 13
\BOOKMARK [2][-]{subsection.3.2}{\376\377\000D\000P\000I\000A\000\040\000F\000o\000r\000m}{section.3}% 14
\BOOKMARK [1][-]{section.4}{\376\377\000M\000e\000e\000t\000i\000n\000g\000\040\000d\000i\000a\000r\000y}{}% 15
\BOOKMARK [1][-]{section.5}{\376\377\000S\0003\000\040\000t\000a\000s\000k\000\040\000a\000l\000l\000o\000c\000a\000t\000i\000o\000n\000\040\000\046\000\040\000p\000l\000a\000n\000n\000i\000n\000g}{}% 16
\BOOKMARK [2][-]{subsection.5.1}{\376\377\000G\000i\000l\000e\000a\000d\000\040\000B\000e\000m\000p\000a\000h}{section.5}% 17
\BOOKMARK [2][-]{subsection.5.2}{\376\377\000Z\000i\000j\000u\000n\000\040\000L\000i}{section.5}% 18
\BOOKMARK [2][-]{subsection.5.3}{\376\377\000S\000m\000i\000t\000\040\000N\000a\000v\000i\000m\000k\000u\000m\000a\000r}{section.5}% 19
\BOOKMARK [2][-]{subsection.5.4}{\376\377\000C\000h\000a\000n\000c\000e\000\040\000E\000g\000b\000o\000n}{section.5}% 20
\BOOKMARK [2][-]{subsection.5.5}{\376\377\000M\000a\000t\000t\000h\000e\000w\000\040\000G\000o\000u\000l\000d\000i\000n\000g}{section.5}% 21
\BOOKMARK [2][-]{subsection.5.6}{\376\377\000S\000a\000m\000u\000e\000l\000\040\000O\000k\000a\000s\000i\000a}{section.5}% 22
\BOOKMARK [2][-]{subsection.5.7}{\376\377\000B\000o\000g\000d\000a\000n\000-\000M\000a\000r\000i\000a\000n\000\040\000G\000h\000e\000o\000r\000g\000h\000e}{section.5}% 23
